<?xml version="1.0" encoding="UTF-8"?>
<!-- Generated by org.testng.reporters.JUnitReportReporter -->
<testsuite skipped="0" hostname="Sachin-Sharma" name="com.tests.SignUpTest" tests="1" failures="0" timestamp="01 Nov 2021 12:33:43 GMT" time="1.111" errors="0">
  <testcase name="verifySignUpLinkTest" time="1.111" classname="com.tests.SignUpTest"/>
</testsuite> <!-- com.tests.SignUpTest -->
