<?xml version="1.0" encoding="UTF-8"?>
<!-- Generated by org.testng.reporters.JUnitReportReporter -->
<testsuite skipped="0" hostname="Sachin-Sharma" name="TestNGSessions.InvocationCount" tests="10" failures="0" timestamp="30 Oct 2021 05:01:44 GMT" time="0.056" errors="0">
  <testcase name="createUser" time="0.003" classname="TestNGSessions.InvocationCount"/>
  <testcase name="createUser" time="0.024" classname="TestNGSessions.InvocationCount"/>
  <testcase name="createUser" time="0.004" classname="TestNGSessions.InvocationCount"/>
  <testcase name="createUser" time="0.005" classname="TestNGSessions.InvocationCount"/>
  <testcase name="createUser" time="0.003" classname="TestNGSessions.InvocationCount"/>
  <testcase name="createUser" time="0.004" classname="TestNGSessions.InvocationCount"/>
  <testcase name="createUser" time="0.003" classname="TestNGSessions.InvocationCount"/>
  <testcase name="createUser" time="0.003" classname="TestNGSessions.InvocationCount"/>
  <testcase name="createUser" time="0.004" classname="TestNGSessions.InvocationCount"/>
  <testcase name="createUser" time="0.003" classname="TestNGSessions.InvocationCount"/>
</testsuite> <!-- TestNGSessions.InvocationCount -->
