<?xml version="1.0" encoding="UTF-8"?>
<!-- Generated by org.testng.reporters.JUnitReportReporter -->
<testsuite skipped="0" hostname="Sachin-Sharma" name="TestNGSessions.LoginTest2" tests="3" failures="0" timestamp="29 Oct 2021 09:35:59 GMT" time="41.363" errors="0">
  <testcase name="pageTitleTest" time="10.827" classname="TestNGSessions.LoginTest2"/>
  <testcase name="signUpLinkTest" time="13.387" classname="TestNGSessions.LoginTest2"/>
  <testcase name="loginTest" time="17.149" classname="TestNGSessions.LoginTest2"/>
</testsuite> <!-- TestNGSessions.LoginTest2 -->
