<?xml version="1.0" encoding="UTF-8"?>
<!-- Generated by org.testng.reporters.JUnitReportReporter -->
<testsuite skipped="0" hostname="Sachin-Sharma" name="TestNGSessions.DependsOnMethod" tests="4" failures="0" timestamp="30 Oct 2021 05:44:20 GMT" time="0.029" errors="0">
  <testcase name="loginTest" time="0.007" classname="TestNGSessions.DependsOnMethod"/>
  <testcase name="homePageTest" time="0.009" classname="TestNGSessions.DependsOnMethod"/>
  <testcase name="homePageTest" time="0.009" classname="TestNGSessions.DependsOnMethod"/>
  <testcase name="searchTest" time="0.004" classname="TestNGSessions.DependsOnMethod"/>
</testsuite> <!-- TestNGSessions.DependsOnMethod -->
