<?xml version="1.0" encoding="UTF-8"?>
<!-- Generated by org.testng.reporters.JUnitReportReporter -->
<testsuite skipped="0" hostname="Sachin-Sharma" name="TestNGSessions.ExpectedExceptionConcept" tests="1" failures="0" timestamp="30 Oct 2021 05:44:20 GMT" time="0.021" errors="0">
  <testcase name="test" time="0.021" classname="TestNGSessions.ExpectedExceptionConcept"/>
</testsuite> <!-- TestNGSessions.ExpectedExceptionConcept -->
