<?xml version="1.0" encoding="UTF-8"?>
<!-- Generated by org.testng.reporters.JUnitReportReporter -->
<testsuite skipped="0" hostname="Sachin-Sharma" name="TestNGSessions.PriorityTest" tests="1" failures="0" timestamp="30 Oct 2021 05:42:17 GMT" time="0.028" errors="0">
  <testcase name="test5" time="0.028" classname="TestNGSessions.PriorityTest"/>
</testsuite> <!-- TestNGSessions.PriorityTest -->
