<?xml version="1.0" encoding="UTF-8"?>
<!-- Generated by org.testng.reporters.JUnitReportReporter -->
<testsuite skipped="0" hostname="Sachin-Sharma" name="com.tests.LoginTest" tests="2" failures="0" timestamp="01 Nov 2021 12:33:43 GMT" time="11.309" errors="0">
  <testcase name="pageTitleTest" time="0.225" classname="com.tests.LoginTest"/>
  <testcase name="loginTest" time="11.084" classname="com.tests.LoginTest"/>
</testsuite> <!-- com.tests.LoginTest -->
