<?xml version="1.0" encoding="UTF-8"?>
<!-- Generated by org.testng.reporters.JUnitReportReporter -->
<testsuite skipped="2" hostname="Sachin-Sharma" name="TestNGSessions.LoginTest3" tests="3" failures="0" timestamp="30 Oct 2021 04:28:17 GMT" time="28.240" errors="0">
  <testcase name="signUpLinkTest" time="28.240" classname="TestNGSessions.LoginTest3"/>
  <testcase name="loginTest" classname="TestNGSessions.LoginTest3">
    <skipped/>
  </testcase> <!-- loginTest -->
  <testcase name="pageTitleTest" classname="TestNGSessions.LoginTest3">
    <skipped/>
  </testcase> <!-- pageTitleTest -->
</testsuite> <!-- TestNGSessions.LoginTest3 -->
